# This file was automatically created by FeynRules 2.3.32
# Mathematica version: 11.3.0 for Mac OS X x86 (64-bit) (March 7, 2018)
# Date: Fri 17 May 2019 08:21:02


# 
# This is the logfile for the model ChiralQCD

# Authors: L. Mason
# Model version: 1
# Checking the Quantum numbers
   * Electric charge defined.
# Checking the Lagrangians
   * All Lagrangians are ok.
#
# Particle definitions
#

   * No particles removed. All particles correspond to GenInt setup.



# Compulsory PDG codes:
   * Class SM leptons incomplete. 11, 13, 15 missing.
   * Class SM neutrinos incomplete. 12, 14, 16 missing.
   * Class SM quarks incomplete. 1, 2, 3, 4, 5, 6 missing.
   * Class SM gauge bosons complete.
#
# Parameter definitions
#

   * Parameter cw has no value. Default value 1 assigned.
   * Parameter sw has no value. Default value 1 assigned.
   * Parameter G has no value. Default value 1 assigned.
   * Parameter g1 has no value. Default value 1 assigned.
   * Parameter gw has no value. Default value 1 assigned.


# Vertices
   * Calling FeynmanRules for 1 Lagrangians.
   * Number of classes vertices: 35
   * Number of flavored vertices: 35
   * Saved vertices in InterfaceRun[ 1 ].
   * Checked QNumber conservation.
      - Quantum number Q conserved in all vertices.
   * particles.py written.
   * parameters.py written.
#
# Vertex definitions
#

   * 35 vertices written.
   * vertices.py written.
#
# Lorentz structure definitions
#

   * 1 lorentz structure written.
   * lorentz.py written.
#
# Coupling definitions
#

   * 33 couplings written.
   * couplings.py written.
#
# Coupling order definitions
#

   * 0 couplings orders written.
   * coupling_orders.py written.
#
# Decay definitions
#

   * 0 decays written.
   * decay.py not written
#
# CTCoupling definitions
#

   * 0 CTcouplings written.
   * CT_couplings.py written.
